2023-05-31T17:11:52.517-03:00  INFO 50140 --- [restartedMain] com.abutua.agenda.AgendaApplication      : Starting AgendaApplication using Java 17.0.7 with PID 50140 (C:\Users\glauc\agenda\target\classes started by glauc in C:\Users\glauc\agenda)
2023-05-31T17:11:52.518-03:00  INFO 50140 --- [restartedMain] com.abutua.agenda.AgendaApplication      : No active profile set, falling back to 1 default profile: "default"
2023-05-31T17:11:52.684-03:00  INFO 50140 --- [restartedMain] .s.d.r.c.RepositoryConfigurationDelegate : Bootstrapping Spring Data JPA repositories in DEFAULT mode.
2023-05-31T17:11:52.710-03:00  INFO 50140 --- [restartedMain] .s.d.r.c.RepositoryConfigurationDelegate : Finished Spring Data repository scanning in 24 ms. Found 5 JPA repository interfaces.
2023-05-31T17:11:52.779-03:00  INFO 50140 --- [restartedMain] o.s.b.w.embedded.tomcat.TomcatWebServer  : Tomcat initialized with port(s): 8080 (http)
2023-05-31T17:11:52.780-03:00  INFO 50140 --- [restartedMain] o.apache.catalina.core.StandardService   : Starting service [Tomcat]
2023-05-31T17:11:52.781-03:00  INFO 50140 --- [restartedMain] o.apache.catalina.core.StandardEngine    : Starting Servlet engine: [Apache Tomcat/10.1.8]
2023-05-31T17:11:52.810-03:00  INFO 50140 --- [restartedMain] o.a.c.c.C.[Tomcat-2].[localhost].[/]     : Initializing Spring embedded WebApplicationContext
2023-05-31T17:11:52.811-03:00  INFO 50140 --- [restartedMain] w.s.c.ServletWebServerApplicationContext : Root WebApplicationContext: initialization completed in 288 ms
2023-05-31T17:11:52.824-03:00  INFO 50140 --- [restartedMain] com.zaxxer.hikari.HikariDataSource       : HikariPool-10 - Starting...
2023-05-31T17:11:52.827-03:00  INFO 50140 --- [restartedMain] com.zaxxer.hikari.pool.HikariPool        : HikariPool-10 - Added connection conn72: url=jdbc:h2:mem:testdb user=SA
2023-05-31T17:11:52.828-03:00  INFO 50140 --- [restartedMain] com.zaxxer.hikari.HikariDataSource       : HikariPool-10 - Start completed.
2023-05-31T17:11:52.829-03:00  INFO 50140 --- [restartedMain] o.s.b.a.h2.H2ConsoleAutoConfiguration    : H2 console available at '/h2-console'. Database available at 'jdbc:h2:mem:testdb'
2023-05-31T17:11:52.846-03:00  INFO 50140 --- [restartedMain] o.hibernate.jpa.internal.util.LogHelper  : HHH000204: Processing PersistenceUnitInfo [name: default]
2023-05-31T17:11:52.855-03:00  INFO 50140 --- [restartedMain] o.h.b.i.BytecodeProviderInitiator        : HHH000021: Bytecode provider name : bytebuddy
2023-05-31T17:11:52.856-03:00  INFO 50140 --- [restartedMain] o.s.o.j.p.SpringPersistenceUnitInfo      : No LoadTimeWeaver setup: ignoring JPA class transformer
2023-05-31T17:11:52.858-03:00  INFO 50140 --- [restartedMain] org.hibernate.orm.dialect                : HHH035001: Using dialect: org.hibernate.dialect.H2Dialect, version: 2.1.214
2023-05-31T17:11:52.892-03:00  INFO 50140 --- [restartedMain] o.h.b.i.BytecodeProviderInitiator        : HHH000021: Bytecode provider name : bytebuddy
2023-05-31T17:11:52.956-03:00  INFO 50140 --- [restartedMain] o.h.e.t.j.p.i.JtaPlatformInitiator       : HHH000490: Using JtaPlatform implementation: [org.hibernate.engine.transaction.jta.platform.internal.NoJtaPlatform]
2023-05-31T17:11:52.957-03:00 DEBUG 50140 --- [restartedMain] org.hibernate.SQL                        : drop table if exists appointment cascade 
2023-05-31T17:11:52.958-03:00 DEBUG 50140 --- [restartedMain] org.hibernate.SQL                        : drop table if exists appointment_comment cascade 
2023-05-31T17:11:52.958-03:00 DEBUG 50140 --- [restartedMain] org.hibernate.SQL                        : drop table if exists appointment_type cascade 
2023-05-31T17:11:52.959-03:00 DEBUG 50140 --- [restartedMain] org.hibernate.SQL                        : drop table if exists area cascade 
2023-05-31T17:11:52.959-03:00 DEBUG 50140 --- [restartedMain] org.hibernate.SQL                        : drop table if exists area_professional cascade 
2023-05-31T17:11:52.960-03:00 DEBUG 50140 --- [restartedMain] org.hibernate.SQL                        : drop table if exists client cascade 
2023-05-31T17:11:52.961-03:00 DEBUG 50140 --- [restartedMain] org.hibernate.SQL                        : drop table if exists person cascade 
2023-05-31T17:11:52.961-03:00 DEBUG 50140 --- [restartedMain] org.hibernate.SQL                        : drop table if exists professional cascade 
2023-05-31T17:11:52.962-03:00 DEBUG 50140 --- [restartedMain] org.hibernate.SQL                        : drop table if exists work_schedule_item cascade 
2023-05-31T17:11:52.963-03:00 DEBUG 50140 --- [restartedMain] org.hibernate.SQL                        : create table appointment (appointment_type_id integer unique, date TIMESTAMP WITH TIME ZONE, end_time TIME WITH TIME ZONE, start_time TIME WITH TIME ZONE, client_id bigint, id bigint generated by default as identity, professional_id bigint, status varchar(255) check (status in ('PRESENT','ABSENT','OPEN','CANCEL')), primary key (id))
2023-05-31T17:11:52.966-03:00 DEBUG 50140 --- [restartedMain] org.hibernate.SQL                        : create table appointment_comment (appointment_id bigint, id bigint generated by default as identity, moment TIMESTAMP WITH TIME ZONE, comment varchar(1024), primary key (id))
2023-05-31T17:11:52.967-03:00 DEBUG 50140 --- [restartedMain] org.hibernate.SQL                        : create table appointment_type (id integer generated by default as identity, type varchar(255) unique, primary key (id))
2023-05-31T17:11:52.969-03:00 DEBUG 50140 --- [restartedMain] org.hibernate.SQL                        : create table area (id integer generated by default as identity, name varchar(40), primary key (id))
2023-05-31T17:11:52.970-03:00 DEBUG 50140 --- [restartedMain] org.hibernate.SQL                        : create table area_professional (area_id integer not null, professional_id bigint not null)
2023-05-31T17:11:52.971-03:00 DEBUG 50140 --- [restartedMain] org.hibernate.SQL                        : create table client (date_of_birth date, person_id bigint not null, gender varchar(255) check (gender in ('MALE','FEMALE')), primary key (person_id))
2023-05-31T17:11:52.972-03:00 DEBUG 50140 --- [restartedMain] org.hibernate.SQL                        : create table person (id bigint generated by default as identity, phone varchar(20), email varchar(40) unique, name varchar(40) not null, comments varchar(1024), primary key (id))
2023-05-31T17:11:52.973-03:00 DEBUG 50140 --- [restartedMain] org.hibernate.SQL                        : create table professional (active boolean not null, person_id bigint not null, primary key (person_id))
2023-05-31T17:11:52.974-03:00 DEBUG 50140 --- [restartedMain] org.hibernate.SQL                        : create table work_schedule_item (day_of_week tinyint not null check (day_of_week between 0 and 6), end_time TIME WITH TIME ZONE, star_time TIME WITH TIME ZONE, id bigint generated by default as identity, professional_id bigint, primary key (id))
2023-05-31T17:11:52.977-03:00 DEBUG 50140 --- [restartedMain] org.hibernate.SQL                        : alter table if exists appointment add constraint FK3gbqcfd3mnwwcit63lybpqcf8 foreign key (client_id) references client
2023-05-31T17:11:52.978-03:00 DEBUG 50140 --- [restartedMain] org.hibernate.SQL                        : alter table if exists appointment add constraint FK7y39ubfrch1jv1csekp9rmup6 foreign key (professional_id) references professional
2023-05-31T17:11:52.979-03:00 DEBUG 50140 --- [restartedMain] org.hibernate.SQL                        : alter table if exists appointment add constraint FKg6kjgj7k74ydmvh9nc3ttkggp foreign key (appointment_type_id) references appointment_type
2023-05-31T17:11:52.980-03:00 DEBUG 50140 --- [restartedMain] org.hibernate.SQL                        : alter table if exists appointment_comment add constraint FKqcmtlqi6sbhsiuint9s43xrp5 foreign key (appointment_id) references appointment
2023-05-31T17:11:52.982-03:00 DEBUG 50140 --- [restartedMain] org.hibernate.SQL                        : alter table if exists area_professional add constraint FK7g9yue8sv3cqaa70idlkkdos6 foreign key (area_id) references area
2023-05-31T17:11:52.983-03:00 DEBUG 50140 --- [restartedMain] org.hibernate.SQL                        : alter table if exists area_professional add constraint FKm1if0exkiw55gxy1x3mjvlpid foreign key (professional_id) references professional
2023-05-31T17:11:52.984-03:00 DEBUG 50140 --- [restartedMain] org.hibernate.SQL                        : alter table if exists client add constraint FKkxflpsue6s9kscgmuwt7ob1f3 foreign key (person_id) references person
2023-05-31T17:11:52.985-03:00 DEBUG 50140 --- [restartedMain] org.hibernate.SQL                        : alter table if exists professional add constraint FKoprncnoc2pi6bs2sdxj2ukyyn foreign key (person_id) references person
2023-05-31T17:11:52.986-03:00 DEBUG 50140 --- [restartedMain] org.hibernate.SQL                        : alter table if exists work_schedule_item add constraint FKjj6v6dhvcf5yqpworikovugn8 foreign key (professional_id) references professional
2023-05-31T17:11:52.988-03:00  INFO 50140 --- [restartedMain] o.h.t.s.i.e.GenerationTargetToDatabase   : HHH000476: Executing script 'file:/C:/Users/glauc/agenda/target/classes/import.sql'
2023-05-31T17:11:52.989-03:00  INFO 50140 --- [restartedMain] j.LocalContainerEntityManagerFactoryBean : Initialized JPA EntityManagerFactory for persistence unit 'default'
2023-05-31T17:11:53.066-03:00  WARN 50140 --- [restartedMain] JpaBaseConfiguration$JpaWebConfiguration : spring.jpa.open-in-view is enabled by default. Therefore, database queries may be performed during view rendering. Explicitly configure spring.jpa.open-in-view to disable this warning
2023-05-31T17:11:53.134-03:00  INFO 50140 --- [restartedMain] o.s.b.d.a.OptionalLiveReloadServer       : LiveReload server is running on port 35729
2023-05-31T17:11:53.145-03:00  INFO 50140 --- [restartedMain] o.s.b.w.embedded.tomcat.TomcatWebServer  : Tomcat started on port(s): 8080 (http) with context path ''
2023-05-31T17:11:53.149-03:00  INFO 50140 --- [restartedMain] com.abutua.agenda.AgendaApplication      : Started AgendaApplication in 0.715 seconds (process running for 599.987)
2023-05-31T17:11:53.153-03:00 DEBUG 50140 --- [restartedMain] org.hibernate.SQL                        : insert into person (comments,email,name,phone,id) values (?,?,?,?,default)
2023-05-31T17:11:53.156-03:00 DEBUG 50140 --- [restartedMain] org.hibernate.SQL                        : insert into client (date_of_birth,gender,person_id) values (?,?,?)
2023-05-31T17:11:53.158-03:00 DEBUG 50140 --- [restartedMain] org.hibernate.SQL                        : insert into person (comments,email,name,phone,id) values (?,?,?,?,default)
2023-05-31T17:11:53.159-03:00 DEBUG 50140 --- [restartedMain] org.hibernate.SQL                        : insert into client (date_of_birth,gender,person_id) values (?,?,?)
2023-05-31T17:11:53.162-03:00 DEBUG 50140 --- [restartedMain] org.hibernate.SQL                        : insert into appointment_type (type,id) values (?,default)
2023-05-31T17:11:53.164-03:00 DEBUG 50140 --- [restartedMain] org.hibernate.SQL                        : insert into appointment_type (type,id) values (?,default)
2023-05-31T17:11:53.167-03:00 DEBUG 50140 --- [restartedMain] org.hibernate.SQL                        : insert into area (name,id) values (?,default)
2023-05-31T17:11:53.169-03:00 DEBUG 50140 --- [restartedMain] org.hibernate.SQL                        : insert into area (name,id) values (?,default)
2023-05-31T17:11:53.171-03:00 DEBUG 50140 --- [restartedMain] org.hibernate.SQL                        : select a1_0.id,a1_0.name from area a1_0 where a1_0.id=?
2023-05-31T17:11:53.173-03:00 DEBUG 50140 --- [restartedMain] org.hibernate.SQL                        : select a1_0.id,a1_0.name from area a1_0 where a1_0.id=?
2023-05-31T17:11:53.176-03:00 DEBUG 50140 --- [restartedMain] org.hibernate.SQL                        : insert into person (comments,email,name,phone,id) values (?,?,?,?,default)
2023-05-31T17:11:53.177-03:00 DEBUG 50140 --- [restartedMain] org.hibernate.SQL                        : insert into professional (active,person_id) values (?,?)
2023-05-31T17:11:53.179-03:00 DEBUG 50140 --- [restartedMain] org.hibernate.SQL                        : insert into work_schedule_item (day_of_week,end_time,star_time,id) values (?,?,?,default)
2023-05-31T17:11:53.180-03:00 DEBUG 50140 --- [restartedMain] org.hibernate.SQL                        : insert into work_schedule_item (day_of_week,end_time,star_time,id) values (?,?,?,default)
2023-05-31T17:11:53.181-03:00 DEBUG 50140 --- [restartedMain] org.hibernate.SQL                        : insert into work_schedule_item (day_of_week,end_time,star_time,id) values (?,?,?,default)
2023-05-31T17:11:53.183-03:00 DEBUG 50140 --- [restartedMain] org.hibernate.SQL                        : insert into area_professional (professional_id,area_id) values (?,?)
2023-05-31T17:11:53.184-03:00 DEBUG 50140 --- [restartedMain] org.hibernate.SQL                        : insert into area_professional (professional_id,area_id) values (?,?)
2023-05-31T17:11:53.185-03:00 DEBUG 50140 --- [restartedMain] org.hibernate.SQL                        : update work_schedule_item set professional_id=? where id=?
2023-05-31T17:11:53.186-03:00 DEBUG 50140 --- [restartedMain] org.hibernate.SQL                        : update work_schedule_item set professional_id=? where id=?
2023-05-31T17:11:53.187-03:00 DEBUG 50140 --- [restartedMain] org.hibernate.SQL                        : update work_schedule_item set professional_id=? where id=?
2023-05-31T17:11:53.188-03:00 DEBUG 50140 --- [restartedMain] org.hibernate.SQL                        : insert into person (comments,email,name,phone,id) values (?,?,?,?,default)
2023-05-31T17:11:53.189-03:00 DEBUG 50140 --- [restartedMain] org.hibernate.SQL                        : insert into professional (active,person_id) values (?,?)
2023-05-31T17:11:53.190-03:00 DEBUG 50140 --- [restartedMain] org.hibernate.SQL                        : insert into work_schedule_item (day_of_week,end_time,star_time,id) values (?,?,?,default)
2023-05-31T17:11:53.192-03:00 DEBUG 50140 --- [restartedMain] org.hibernate.SQL                        : insert into area_professional (professional_id,area_id) values (?,?)
2023-05-31T17:11:53.193-03:00 DEBUG 50140 --- [restartedMain] org.hibernate.SQL                        : update work_schedule_item set professional_id=? where id=?
2023-05-31T17:11:53.197-03:00 DEBUG 50140 --- [restartedMain] org.hibernate.SQL                        : insert into appointment (client_id,date,end_time,professional_id,start_time,status,appointment_type_id,id) values (?,?,?,?,?,?,?,default)
2023-05-31T17:11:53.200-03:00 DEBUG 50140 --- [restartedMain] org.hibernate.SQL                        : insert into appointment_comment (comment,moment,id) values (?,?,default)
2023-05-31T17:11:53.202-03:00 DEBUG 50140 --- [restartedMain] org.hibernate.SQL                        : update appointment_comment set appointment_id=? where id=?
2023-05-31T17:11:53.204-03:00 DEBUG 50140 --- [restartedMain] org.hibernate.SQL                        : insert into appointment (client_id,date,end_time,professional_id,start_time,status,appointment_type_id,id) values (?,?,?,?,?,?,?,default)
2023-05-31T17:11:53.206-03:00 DEBUG 50140 --- [restartedMain] org.hibernate.SQL                        : insert into appointment_comment (comment,moment,id) values (?,?,default)
2023-05-31T17:11:53.207-03:00 DEBUG 50140 --- [restartedMain] org.hibernate.SQL                        : update appointment_comment set appointment_id=? where id=?
2023-05-31T17:11:53.208-03:00  INFO 50140 --- [restartedMain] .ConditionEvaluationDeltaLoggingListener : Condition evaluation unchanged
2023-05-31T17:14:05.306-03:00  INFO 50140 --- [File Watcher] rtingClassPathChangeChangedEventListener : Restarting due to 1 class path change (0 additions, 0 deletions, 1 modification)
2023-05-31T17:14:05.324-03:00  INFO 50140 --- [Thread-38] o.apache.catalina.core.StandardService   : Stopping service [Tomcat]
2023-05-31T17:14:05.328-03:00  INFO 50140 --- [Thread-38] j.LocalContainerEntityManagerFactoryBean : Closing JPA EntityManagerFactory for persistence unit 'default'
2023-05-31T17:14:05.329-03:00  INFO 50140 --- [Thread-38] .SchemaDropperImpl$DelayedDropActionImpl : HHH000477: Starting delayed evictData of schema as part of SessionFactory shut-down'
2023-05-31T17:14:05.330-03:00 DEBUG 50140 --- [Thread-38] org.hibernate.SQL                        : drop table if exists appointment cascade 
2023-05-31T17:14:05.331-03:00 DEBUG 50140 --- [Thread-38] org.hibernate.SQL                        : drop table if exists appointment_comment cascade 
2023-05-31T17:14:05.332-03:00 DEBUG 50140 --- [Thread-38] org.hibernate.SQL                        : drop table if exists appointment_type cascade 
2023-05-31T17:14:05.333-03:00 DEBUG 50140 --- [Thread-38] org.hibernate.SQL                        : drop table if exists area cascade 
2023-05-31T17:14:05.334-03:00 DEBUG 50140 --- [Thread-38] org.hibernate.SQL                        : drop table if exists area_professional cascade 
2023-05-31T17:14:05.334-03:00 DEBUG 50140 --- [Thread-38] org.hibernate.SQL                        : drop table if exists client cascade 
2023-05-31T17:14:05.335-03:00 DEBUG 50140 --- [Thread-38] org.hibernate.SQL                        : drop table if exists person cascade 
2023-05-31T17:14:05.335-03:00 DEBUG 50140 --- [Thread-38] org.hibernate.SQL                        : drop table if exists professional cascade 
2023-05-31T17:14:05.336-03:00 DEBUG 50140 --- [Thread-38] org.hibernate.SQL                        : drop table if exists work_schedule_item cascade 
2023-05-31T17:14:05.543-03:00  WARN 50140 --- [Thread-38] o.s.b.f.support.DisposableBeanAdapter    : Invocation of destroy method failed on bean with name 'inMemoryDatabaseShutdownExecutor': org.h2.jdbc.JdbcSQLNonTransientConnectionException: Database is already closed (to disable automatic closing at VM shutdown, add ";DB_CLOSE_ON_EXIT=FALSE" to the db URL) [90121-214]
2023-05-31T17:14:05.544-03:00  INFO 50140 --- [Thread-38] com.zaxxer.hikari.HikariDataSource       : HikariPool-10 - Shutdown initiated...
2023-05-31T17:14:05.545-03:00  INFO 50140 --- [Thread-38] com.zaxxer.hikari.HikariDataSource       : HikariPool-10 - Shutdown completed.
